<?xml version="1.0" encoding="UTF-8"?>
<robot generator="Robot 3.2.2 (Python 3.8.5 on win32)" generated="20210219 22:21:15.731" rpa="false">
<suite id="s1" name="Demo" source="D:\Cegedim\developpment\Keyword_demo\demo.robot">
<test id="s1-t1" name="Test case 1">
<kw name="Do Somthing">
<kw name="Log" library="BuiltIn">
<doc>Logs the given message with the given level.</doc>
<arguments>
<arg>I am doing something...</arg>
</arguments>
<msg timestamp="20210219 22:21:15.778" level="INFO">I am doing something...</msg>
<status status="PASS" starttime="20210219 22:21:15.778" endtime="20210219 22:21:15.778"></status>
</kw>
<status status="PASS" starttime="20210219 22:21:15.778" endtime="20210219 22:21:15.778"></status>
</kw>
<kw name="Do Somthing else">
<kw name="Log" library="BuiltIn">
<doc>Logs the given message with the given level.</doc>
<arguments>
<arg>I am doing something else...</arg>
</arguments>
<msg timestamp="20210219 22:21:15.778" level="INFO">I am doing something else...</msg>
<status status="PASS" starttime="20210219 22:21:15.778" endtime="20210219 22:21:15.778"></status>
</kw>
<status status="PASS" starttime="20210219 22:21:15.778" endtime="20210219 22:21:15.778"></status>
</kw>
<status status="PASS" starttime="20210219 22:21:15.778" endtime="20210219 22:21:15.778" critical="yes"></status>
</test>
<test id="s1-t2" name="Test case 2">
<kw name="Do Another Things">
<kw name="Log" library="BuiltIn">
<doc>Logs the given message with the given level.</doc>
<arguments>
<arg>I am doing another thing...</arg>
</arguments>
<msg timestamp="20210219 22:21:15.778" level="INFO">I am doing another thing...</msg>
<status status="PASS" starttime="20210219 22:21:15.778" endtime="20210219 22:21:15.778"></status>
</kw>
<status status="PASS" starttime="20210219 22:21:15.778" endtime="20210219 22:21:15.778"></status>
</kw>
<kw name="Do Somthing else">
<kw name="Log" library="BuiltIn">
<doc>Logs the given message with the given level.</doc>
<arguments>
<arg>I am doing something else...</arg>
</arguments>
<msg timestamp="20210219 22:21:15.778" level="INFO">I am doing something else...</msg>
<status status="PASS" starttime="20210219 22:21:15.778" endtime="20210219 22:21:15.778"></status>
</kw>
<status status="PASS" starttime="20210219 22:21:15.778" endtime="20210219 22:21:15.778"></status>
</kw>
<status status="PASS" starttime="20210219 22:21:15.778" endtime="20210219 22:21:15.778" critical="yes"></status>
</test>
<status status="PASS" starttime="20210219 22:21:15.746" endtime="20210219 22:21:15.778"></status>
</suite>
<statistics>
<total>
<stat pass="2" fail="0">Critical Tests</stat>
<stat pass="2" fail="0">All Tests</stat>
</total>
<tag>
</tag>
<suite>
<stat pass="2" fail="0" id="s1" name="Demo">Demo</stat>
</suite>
</statistics>
<errors>
</errors>
</robot>
