<?xml version="1.0" encoding="UTF-8"?>
<robot generator="Robot 3.2.2 (Python 3.8.5 on win32)" generated="20210219 23:58:14.044" rpa="false">
<suite id="s1" name="Keyword Test" source="D:\Cegedim\developpment\Keyword_demo\Keyword_Test.robot">
<kw name="Insert Testing Data" library="Common" type="setup">
<kw name="Custom Keyword 1" library="Common">
<kw name="Log" library="BuiltIn">
<doc>Logs the given message with the given level.</doc>
<arguments>
<arg>i'am inserting testing data k1</arg>
</arguments>
<msg timestamp="20210219 23:58:14.325" level="INFO">i'am inserting testing data k1</msg>
<status status="PASS" starttime="20210219 23:58:14.325" endtime="20210219 23:58:14.325"></status>
</kw>
<status status="PASS" starttime="20210219 23:58:14.325" endtime="20210219 23:58:14.325"></status>
</kw>
<kw name="Custom Keyword 2" library="Common">
<kw name="Log" library="BuiltIn">
<doc>Logs the given message with the given level.</doc>
<arguments>
<arg>i'am inserting testing data k2</arg>
</arguments>
<msg timestamp="20210219 23:58:14.325" level="INFO">i'am inserting testing data k2</msg>
<status status="PASS" starttime="20210219 23:58:14.325" endtime="20210219 23:58:14.325"></status>
</kw>
<status status="PASS" starttime="20210219 23:58:14.325" endtime="20210219 23:58:14.325"></status>
</kw>
<status status="PASS" starttime="20210219 23:58:14.325" endtime="20210219 23:58:14.325"></status>
</kw>
<test id="s1-t1" name="User can search for products">
<kw name="Begin Web Test" library="Common" type="setup">
<kw name="Open Browser" library="Selenium2Library">
<doc>Opens a new browser instance to the optional ``url``.</doc>
<arguments>
<arg>about:blank</arg>
<arg>chrome</arg>
</arguments>
<msg timestamp="20210219 23:58:14.325" level="INFO">Opening browser 'chrome' to base url 'about:blank'.</msg>
<status status="PASS" starttime="20210219 23:58:14.325" endtime="20210219 23:58:15.804"></status>
</kw>
<status status="PASS" starttime="20210219 23:58:14.325" endtime="20210219 23:58:15.805"></status>
</kw>
<kw name="Search for the Product" library="Amazon">
<kw name="Go To" library="Selenium2Library">
<doc>Navigates the current browser window to the provided ``url``.</doc>
<arguments>
<arg>http://www.amazon.com</arg>
</arguments>
<msg timestamp="20210219 23:58:15.806" level="INFO">Opening url 'http://www.amazon.com'</msg>
<status status="PASS" starttime="20210219 23:58:15.806" endtime="20210219 23:58:20.552"></status>
</kw>
<kw name="Maximize Browser Window" library="Selenium2Library">
<doc>Maximizes current browser window.</doc>
<status status="PASS" starttime="20210219 23:58:20.552" endtime="20210219 23:58:20.743"></status>
</kw>
<kw name="Wait Until Page Contains" library="Selenium2Library">
<doc>Waits until ``text`` appears on the current page.</doc>
<arguments>
<arg>Today's Deals</arg>
</arguments>
<status status="PASS" starttime="20210219 23:58:20.743" endtime="20210219 23:58:20.873"></status>
</kw>
<kw name="Input Text" library="Selenium2Library">
<doc>Types the given ``text`` into the text field identified by ``locator``.</doc>
<arguments>
<arg>id=twotabsearchtextbox</arg>
<arg>Ferrari 458</arg>
</arguments>
<msg timestamp="20210219 23:58:20.874" level="INFO">Typing text 'Ferrari 458' into text field 'id=twotabsearchtextbox'.</msg>
<status status="PASS" starttime="20210219 23:58:20.873" endtime="20210219 23:58:21.145"></status>
</kw>
<kw name="Click Button" library="Selenium2Library">
<doc>Clicks the button identified by ``locator``.</doc>
<arguments>
<arg>xpath=//*[@id="nav-search-submit-button"]</arg>
</arguments>
<msg timestamp="20210219 23:58:21.145" level="INFO">Clicking button 'xpath=//*[@id="nav-search-submit-button"]'.</msg>
<status status="PASS" starttime="20210219 23:58:21.145" endtime="20210219 23:58:28.112"></status>
</kw>
<kw name="Wait Until Page Contains" library="Selenium2Library">
<doc>Waits until ``text`` appears on the current page.</doc>
<arguments>
<arg>results for "Ferrari 458"</arg>
</arguments>
<status status="PASS" starttime="20210219 23:58:28.112" endtime="20210219 23:58:28.218"></status>
</kw>
<status status="PASS" starttime="20210219 23:58:15.805" endtime="20210219 23:58:28.219"></status>
</kw>
<kw name="End of the Test" library="Common" type="teardown">
<kw name="Close Browser" library="Selenium2Library">
<doc>Closes the current browser.</doc>
<status status="PASS" starttime="20210219 23:58:28.220" endtime="20210219 23:58:30.606"></status>
</kw>
<status status="PASS" starttime="20210219 23:58:28.219" endtime="20210219 23:58:30.606"></status>
</kw>
<doc>This is some basic about test</doc>
<tags>
<tag>Smoke</tag>
</tags>
<status status="PASS" starttime="20210219 23:58:14.325" endtime="20210219 23:58:30.606" critical="yes"></status>
</test>
<test id="s1-t2" name="User must sign in to check out">
<kw name="Begin Web Test" library="Common" type="setup">
<kw name="Open Browser" library="Selenium2Library">
<doc>Opens a new browser instance to the optional ``url``.</doc>
<arguments>
<arg>about:blank</arg>
<arg>chrome</arg>
</arguments>
<msg timestamp="20210219 23:58:30.606" level="INFO">Opening browser 'chrome' to base url 'about:blank'.</msg>
<status status="PASS" starttime="20210219 23:58:30.606" endtime="20210219 23:58:31.905"></status>
</kw>
<status status="PASS" starttime="20210219 23:58:30.606" endtime="20210219 23:58:31.905"></status>
</kw>
<kw name="Search for the Product" library="Amazon">
<kw name="Go To" library="Selenium2Library">
<doc>Navigates the current browser window to the provided ``url``.</doc>
<arguments>
<arg>http://www.amazon.com</arg>
</arguments>
<msg timestamp="20210219 23:58:31.907" level="INFO">Opening url 'http://www.amazon.com'</msg>
<status status="PASS" starttime="20210219 23:58:31.907" endtime="20210219 23:58:36.753"></status>
</kw>
<kw name="Maximize Browser Window" library="Selenium2Library">
<doc>Maximizes current browser window.</doc>
<status status="PASS" starttime="20210219 23:58:36.753" endtime="20210219 23:58:36.912"></status>
</kw>
<kw name="Wait Until Page Contains" library="Selenium2Library">
<doc>Waits until ``text`` appears on the current page.</doc>
<arguments>
<arg>Today's Deals</arg>
</arguments>
<status status="PASS" starttime="20210219 23:58:36.913" endtime="20210219 23:58:36.998"></status>
</kw>
<kw name="Input Text" library="Selenium2Library">
<doc>Types the given ``text`` into the text field identified by ``locator``.</doc>
<arguments>
<arg>id=twotabsearchtextbox</arg>
<arg>Ferrari 458</arg>
</arguments>
<msg timestamp="20210219 23:58:37.000" level="INFO">Typing text 'Ferrari 458' into text field 'id=twotabsearchtextbox'.</msg>
<status status="PASS" starttime="20210219 23:58:36.999" endtime="20210219 23:58:37.373"></status>
</kw>
<kw name="Click Button" library="Selenium2Library">
<doc>Clicks the button identified by ``locator``.</doc>
<arguments>
<arg>xpath=//*[@id="nav-search-submit-button"]</arg>
</arguments>
<msg timestamp="20210219 23:58:37.374" level="INFO">Clicking button 'xpath=//*[@id="nav-search-submit-button"]'.</msg>
<status status="PASS" starttime="20210219 23:58:37.373" endtime="20210219 23:58:43.293"></status>
</kw>
<kw name="Wait Until Page Contains" library="Selenium2Library">
<doc>Waits until ``text`` appears on the current page.</doc>
<arguments>
<arg>results for "Ferrari 458"</arg>
</arguments>
<status status="PASS" starttime="20210219 23:58:43.293" endtime="20210219 23:58:43.390"></status>
</kw>
<status status="PASS" starttime="20210219 23:58:31.906" endtime="20210219 23:58:43.391"></status>
</kw>
<kw name="Select Product from Search Results" library="Amazon">
<kw name="Click Link" library="Selenium2Library">
<doc>Clicks a link identified by ``locator``.</doc>
<arguments>
<arg>xpath=//*[@id="search"]/div[1]/div[2]/div/span[3]/div[2]/div[1]/div/span/div/div/div[2]/h2/a</arg>
</arguments>
<msg timestamp="20210219 23:58:43.392" level="INFO">Clicking link 'xpath=//*[@id="search"]/div[1]/div[2]/div/span[3]/div[2]/div[1]/div/span/div/div/div[2]/h2/a'.</msg>
<status status="PASS" starttime="20210219 23:58:43.392" endtime="20210219 23:58:47.707"></status>
</kw>
<kw name="Wait Until Page Contains" library="Selenium2Library">
<doc>Waits until ``text`` appears on the current page.</doc>
<arguments>
<arg>Back to results</arg>
</arguments>
<status status="PASS" starttime="20210219 23:58:47.708" endtime="20210219 23:58:47.788"></status>
</kw>
<status status="PASS" starttime="20210219 23:58:43.391" endtime="20210219 23:58:47.788"></status>
</kw>
<kw name="Add Product to the Cart" library="Amazon">
<kw name="Click Button" library="Selenium2Library">
<doc>Clicks the button identified by ``locator``.</doc>
<arguments>
<arg>id=add-to-cart-button</arg>
</arguments>
<msg timestamp="20210219 23:58:47.791" level="INFO">Clicking button 'id=add-to-cart-button'.</msg>
<status status="PASS" starttime="20210219 23:58:47.791" endtime="20210219 23:58:50.060"></status>
</kw>
<kw name="Wait Until Page Contains" library="Selenium2Library">
<doc>Waits until ``text`` appears on the current page.</doc>
<arguments>
<arg>Proceed to checkout (1 item)</arg>
</arguments>
<status status="PASS" starttime="20210219 23:58:50.061" endtime="20210219 23:58:50.094"></status>
</kw>
<status status="PASS" starttime="20210219 23:58:47.791" endtime="20210219 23:58:50.094"></status>
</kw>
<kw name="Begin Checkout and Verification" library="Amazon">
<kw name="Click Element" library="Selenium2Library">
<doc>Click the element identified by ``locator``.</doc>
<arguments>
<arg>xpath=//*[@id="hlb-ptc-btn-native"]</arg>
</arguments>
<msg timestamp="20210219 23:58:50.096" level="INFO">Clicking element 'xpath=//*[@id="hlb-ptc-btn-native"]'.</msg>
<status status="PASS" starttime="20210219 23:58:50.096" endtime="20210219 23:58:51.694"></status>
</kw>
<kw name="Page Should Contain Element" library="Selenium2Library">
<doc>Verifies that element ``locator`` is found on the current page.</doc>
<arguments>
<arg>//*[@id="authportal-main-section"]/div[2]/div/div[1]/form/div/div/div/div[3]/div/a/span</arg>
</arguments>
<msg timestamp="20210219 23:58:51.711" level="INFO">Current page contains element '//*[@id="authportal-main-section"]/div[2]/div/div[1]/form/div/div/div/div[3]/div/a/span'.</msg>
<status status="PASS" starttime="20210219 23:58:51.694" endtime="20210219 23:58:51.711"></status>
</kw>
<kw name="Element Text Should Be" library="Selenium2Library">
<doc>Verifies that element ``locator`` contains exact the text ``expected``.</doc>
<arguments>
<arg>//*[@id="authportal-main-section"]/div[2]/div/div[1]/form/div/div/div/div[3]/div/a/span</arg>
<arg>Need help?</arg>
</arguments>
<msg timestamp="20210219 23:58:51.712" level="INFO">Verifying element '//*[@id="authportal-main-section"]/div[2]/div/div[1]/form/div/div/div/div[3]/div/a/span' contains exact text 'Need help?'.</msg>
<status status="PASS" starttime="20210219 23:58:51.711" endtime="20210219 23:58:51.733"></status>
</kw>
<kw name="Sleep" library="BuiltIn">
<doc>Pauses the test executed for the given time.</doc>
<arguments>
<arg>3s</arg>
</arguments>
<msg timestamp="20210219 23:58:54.745" level="INFO">Slept 3 seconds</msg>
<status status="PASS" starttime="20210219 23:58:51.733" endtime="20210219 23:58:54.745"></status>
</kw>
<status status="PASS" starttime="20210219 23:58:50.095" endtime="20210219 23:58:54.745"></status>
</kw>
<kw name="End of the Test" library="Common" type="teardown">
<kw name="Close Browser" library="Selenium2Library">
<doc>Closes the current browser.</doc>
<status status="PASS" starttime="20210219 23:58:54.745" endtime="20210219 23:58:57.111"></status>
</kw>
<status status="PASS" starttime="20210219 23:58:54.745" endtime="20210219 23:58:57.111"></status>
</kw>
<doc>This is some basic about test</doc>
<tags>
<tag>Smoke</tag>
</tags>
<status status="PASS" starttime="20210219 23:58:30.606" endtime="20210219 23:58:57.111" critical="yes"></status>
</test>
<kw name="Cleanup Testing Data" library="Common" type="teardown">
<kw name="Log" library="BuiltIn">
<doc>Logs the given message with the given level.</doc>
<arguments>
<arg>i am cleaning up the test data</arg>
</arguments>
<msg timestamp="20210219 23:58:57.111" level="INFO">i am cleaning up the test data</msg>
<status status="PASS" starttime="20210219 23:58:57.111" endtime="20210219 23:58:57.111"></status>
</kw>
<status status="PASS" starttime="20210219 23:58:57.111" endtime="20210219 23:58:57.111"></status>
</kw>
<doc>This is some basic info about the shopping cart test</doc>
<status status="PASS" starttime="20210219 23:58:14.059" endtime="20210219 23:58:57.111"></status>
</suite>
<statistics>
<total>
<stat pass="2" fail="0">Critical Tests</stat>
<stat pass="2" fail="0">All Tests</stat>
</total>
<tag>
<stat pass="2" fail="0">Smoke</stat>
</tag>
<suite>
<stat pass="2" fail="0" id="s1" name="Keyword Test">Keyword Test</stat>
</suite>
</statistics>
<errors>
</errors>
</robot>
